-------------------------------------------------------------------------------
Test set: modyo.pokedex.controller.PokemonControllerTest
-------------------------------------------------------------------------------
Tests run: 1, Failures: 1, Errors: 0, Skipped: 0, Time elapsed: 2.888 s <<< FAILURE! - in modyo.pokedex.controller.PokemonControllerTest
getPokemons  Time elapsed: 0.108 s  <<< FAILURE!
java.lang.AssertionError: []: Expected 1 values but got 0
	at modyo.pokedex.controller.PokemonControllerTest.getPokemons(PokemonControllerTest.java:81)

