<?xml version="1.0" encoding="UTF-8"?>
<testsuite xmlns:xsi="http://www.w3.org/2001/XMLSchema-instance" xsi:noNamespaceSchemaLocation="https://maven.apache.org/surefire/maven-surefire-plugin/xsd/surefire-test-report.xsd" name="modyo.pokedex.controller.PokemonControllerTest" time="2.888" tests="1" errors="0" skipped="0" failures="1">
  <properties>
[...]
</properties>
  <testcase name="getPokemons" classname="modyo.pokedex.controller.PokemonControllerTest" time="0.108">
    <failure message="[]: Expected 1 values but got 0" type="java.lang.AssertionError">java.lang.AssertionError: []: Expected 1 values but got 0
	at modyo.pokedex.controller.PokemonControllerTest.getPokemons(PokemonControllerTest.java:81)
</failure>
    <system-out><![CDATA[16:46:32.779 [main] DEBUG org.springframework.test.context.BootstrapUtils - Instantiating CacheAwareContextLoaderDelegate from class [org.springframework.test.context.cache.DefaultCacheAwareContextLoaderDelegate]
16:46:32.787 [main] DEBUG org.springframework.test.context.BootstrapUtils - Instantiating BootstrapContext using constructor [public org.springframework.test.context.support.DefaultBootstrapContext(java.lang.Class,org.springframework.test.context.CacheAwareContextLoaderDelegate)]
16:46:32.814 [main] DEBUG org.springframework.test.context.BootstrapUtils - Instantiating TestContextBootstrapper for test class [modyo.pokedex.controller.PokemonControllerTest] from class [org.springframework.boot.test.autoconfigure.web.servlet.WebMvcTestContextBootstrapper]
16:46:32.821 [main] INFO org.springframework.boot.test.autoconfigure.web.servlet.WebMvcTestContextBootstrapper - Neither @ContextConfiguration nor @ContextHierarchy found for test class [modyo.pokedex.controller.PokemonControllerTest], using SpringBootContextLoader
16:46:32.824 [main] DEBUG org.springframework.test.context.support.AbstractContextLoader - Did not detect default resource location for test class [modyo.pokedex.controller.PokemonControllerTest]: class path resource [modyo/pokedex/controller/PokemonControllerTest-context.xml] does not exist
16:46:32.825 [main] DEBUG org.springframework.test.context.support.AbstractContextLoader - Did not detect default resource location for test class [modyo.pokedex.controller.PokemonControllerTest]: class path resource [modyo/pokedex/controller/PokemonControllerTestContext.groovy] does not exist
16:46:32.825 [main] INFO org.springframework.test.context.support.AbstractContextLoader - Could not detect default resource locations for test class [modyo.pokedex.controller.PokemonControllerTest]: no resource found for suffixes {-context.xml, Context.groovy}.
16:46:32.825 [main] INFO org.springframework.test.context.support.AnnotationConfigContextLoaderUtils - Could not detect default configuration classes for test class [modyo.pokedex.controller.PokemonControllerTest]: PokemonControllerTest does not declare any static, non-private, non-final, nested classes annotated with @Configuration.
16:46:32.875 [main] DEBUG org.springframework.test.context.support.ActiveProfilesUtils - Could not find an 'annotation declaring class' for annotation type [org.springframework.test.context.ActiveProfiles] and class [modyo.pokedex.controller.PokemonControllerTest]
16:46:32.926 [main] DEBUG org.springframework.context.annotation.ClassPathScanningCandidateComponentProvider - Identified candidate component class: file [C:\Users\pablo\eclipse-workspace\pokedex-modyo-pablo-aravena\target\classes\modyo\pokedex\PokedexModyoPabloAravenaApplication.class]
16:46:32.927 [main] INFO org.springframework.boot.test.context.SpringBootTestContextBootstrapper - Found @SpringBootConfiguration modyo.pokedex.PokedexModyoPabloAravenaApplication for test class modyo.pokedex.controller.PokemonControllerTest
16:46:32.929 [main] DEBUG org.springframework.boot.test.autoconfigure.web.servlet.WebMvcTestContextBootstrapper - @TestExecutionListeners is not present for class [modyo.pokedex.controller.PokemonControllerTest]: using defaults.
16:46:32.929 [main] INFO org.springframework.boot.test.autoconfigure.web.servlet.WebMvcTestContextBootstrapper - Loaded default TestExecutionListener class names from location [META-INF/spring.factories]: [org.springframework.boot.test.mock.mockito.MockitoTestExecutionListener, org.springframework.boot.test.mock.mockito.ResetMocksTestExecutionListener, org.springframework.boot.test.autoconfigure.restdocs.RestDocsTestExecutionListener, org.springframework.boot.test.autoconfigure.web.client.MockRestServiceServerResetTestExecutionListener, org.springframework.boot.test.autoconfigure.web.servlet.MockMvcPrintOnlyOnFailureTestExecutionListener, org.springframework.boot.test.autoconfigure.web.servlet.WebDriverTestExecutionListener, org.springframework.boot.test.autoconfigure.webservices.client.MockWebServiceServerTestExecutionListener, org.springframework.test.context.web.ServletTestExecutionListener, org.springframework.test.context.support.DirtiesContextBeforeModesTestExecutionListener, org.springframework.test.context.event.ApplicationEventsTestExecutionListener, org.springframework.test.context.support.DependencyInjectionTestExecutionListener, org.springframework.test.context.support.DirtiesContextTestExecutionListener, org.springframework.test.context.transaction.TransactionalTestExecutionListener, org.springframework.test.context.jdbc.SqlScriptsTestExecutionListener, org.springframework.test.context.event.EventPublishingTestExecutionListener]
16:46:32.938 [main] DEBUG org.springframework.boot.test.autoconfigure.web.servlet.WebMvcTestContextBootstrapper - Skipping candidate TestExecutionListener [org.springframework.test.context.transaction.TransactionalTestExecutionListener] due to a missing dependency. Specify custom listener classes or make the default listener classes and their required dependencies available. Offending class: [org/springframework/transaction/TransactionDefinition]
16:46:32.939 [main] DEBUG org.springframework.boot.test.autoconfigure.web.servlet.WebMvcTestContextBootstrapper - Skipping candidate TestExecutionListener [org.springframework.test.context.jdbc.SqlScriptsTestExecutionListener] due to a missing dependency. Specify custom listener classes or make the default listener classes and their required dependencies available. Offending class: [org/springframework/transaction/interceptor/TransactionAttribute]
16:46:32.939 [main] INFO org.springframework.boot.test.autoconfigure.web.servlet.WebMvcTestContextBootstrapper - Using TestExecutionListeners: [org.springframework.test.context.web.ServletTestExecutionListener@66565121, org.springframework.test.context.support.DirtiesContextBeforeModesTestExecutionListener@2fc6f97f, org.springframework.test.context.event.ApplicationEventsTestExecutionListener@3d2ee678, org.springframework.boot.test.mock.mockito.MockitoTestExecutionListener@6179e425, org.springframework.boot.test.autoconfigure.SpringBootDependencyInjectionTestExecutionListener@35f26e72, org.springframework.test.context.support.DirtiesContextTestExecutionListener@2d6764b2, org.springframework.test.context.event.EventPublishingTestExecutionListener@67304a40, org.springframework.boot.test.mock.mockito.ResetMocksTestExecutionListener@49c6c24f, org.springframework.boot.test.autoconfigure.restdocs.RestDocsTestExecutionListener@6fe1b4fb, org.springframework.boot.test.autoconfigure.web.client.MockRestServiceServerResetTestExecutionListener@79351f41, org.springframework.boot.test.autoconfigure.web.servlet.MockMvcPrintOnlyOnFailureTestExecutionListener@1c32386d, org.springframework.boot.test.autoconfigure.web.servlet.WebDriverTestExecutionListener@6399551e, org.springframework.boot.test.autoconfigure.webservices.client.MockWebServiceServerTestExecutionListener@13d73fa]
16:46:32.942 [main] DEBUG org.springframework.test.context.support.AbstractDirtiesContextTestExecutionListener - Before test class: context [DefaultTestContext@906d29b testClass = PokemonControllerTest, testInstance = [null], testMethod = [null], testException = [null], mergedContextConfiguration = [WebMergedContextConfiguration@49d3c823 testClass = PokemonControllerTest, locations = '{}', classes = '{class modyo.pokedex.PokedexModyoPabloAravenaApplication}', contextInitializerClasses = '[]', activeProfiles = '{}', propertySourceLocations = '{}', propertySourceProperties = '{org.springframework.boot.test.autoconfigure.web.servlet.WebMvcTestContextBootstrapper=true}', contextCustomizers = set[[ImportsContextCustomizer@436bc36 key = [org.springframework.boot.autoconfigure.cache.CacheAutoConfiguration, org.springframework.boot.autoconfigure.context.MessageSourceAutoConfiguration, org.springframework.boot.autoconfigure.data.web.SpringDataWebAutoConfiguration, org.springframework.boot.autoconfigure.freemarker.FreeMarkerAutoConfiguration, org.springframework.boot.autoconfigure.groovy.template.GroovyTemplateAutoConfiguration, org.springframework.boot.autoconfigure.gson.GsonAutoConfiguration, org.springframework.boot.autoconfigure.hateoas.HypermediaAutoConfiguration, org.springframework.boot.autoconfigure.http.HttpMessageConvertersAutoConfiguration, org.springframework.boot.autoconfigure.jackson.JacksonAutoConfiguration, org.springframework.boot.autoconfigure.jsonb.JsonbAutoConfiguration, org.springframework.boot.autoconfigure.mustache.MustacheAutoConfiguration, org.springframework.boot.autoconfigure.task.TaskExecutionAutoConfiguration, org.springframework.boot.autoconfigure.thymeleaf.ThymeleafAutoConfiguration, org.springframework.boot.autoconfigure.validation.ValidationAutoConfiguration, org.springframework.boot.autoconfigure.web.servlet.error.ErrorMvcAutoConfiguration, org.springframework.boot.autoconfigure.web.servlet.HttpEncodingAutoConfiguration, org.springframework.boot.autoconfigure.web.servlet.WebMvcAutoConfiguration, org.springframework.boot.test.autoconfigure.web.servlet.MockMvcAutoConfiguration, org.springframework.boot.test.autoconfigure.web.servlet.MockMvcWebClientAutoConfiguration, org.springframework.boot.test.autoconfigure.web.servlet.MockMvcWebDriverAutoConfiguration, org.springframework.boot.autoconfigure.security.oauth2.client.servlet.OAuth2ClientAutoConfiguration, org.springframework.boot.autoconfigure.security.oauth2.resource.servlet.OAuth2ResourceServerAutoConfiguration, org.springframework.boot.autoconfigure.security.servlet.SecurityAutoConfiguration, org.springframework.boot.autoconfigure.security.servlet.SecurityFilterAutoConfiguration, org.springframework.boot.autoconfigure.security.servlet.UserDetailsServiceAutoConfiguration, org.springframework.boot.test.autoconfigure.web.servlet.MockMvcSecurityConfiguration]], org.springframework.boot.test.context.filter.ExcludeFilterContextCustomizer@3370f42, org.springframework.boot.test.json.DuplicateJsonObjectContextCustomizerFactory$DuplicateJsonObjectContextCustomizer@53251a66, org.springframework.boot.test.mock.mockito.MockitoContextCustomizer@289e7451, org.springframework.boot.test.autoconfigure.OverrideAutoConfigurationContextCustomizerFactory$DisableAutoConfigurationContextCustomizer@301eda63, org.springframework.boot.test.autoconfigure.actuate.metrics.MetricsExportContextCustomizerFactory$DisableMetricExportContextCustomizer@1bd39d3c, org.springframework.boot.test.autoconfigure.filter.TypeExcludeFiltersContextCustomizer@3687d7ba, org.springframework.boot.test.autoconfigure.properties.PropertyMappingContextCustomizer@229ead69, org.springframework.boot.test.autoconfigure.web.servlet.WebDriverContextCustomizerFactory$Customizer@58ce9668, org.springframework.boot.test.context.SpringBootTestArgs@1, org.springframework.boot.test.context.SpringBootTestWebEnvironment@0], resourceBasePath = 'src/main/webapp', contextLoader = 'org.springframework.boot.test.context.SpringBootContextLoader', parent = [null]], attributes = map[[empty]]], class annotated with @DirtiesContext [false] with mode [null].
16:46:32.986 [main] DEBUG org.springframework.test.context.support.TestPropertySourceUtils - Adding inlined properties to environment: {spring.jmx.enabled=false, org.springframework.boot.test.autoconfigure.web.servlet.WebMvcTestContextBootstrapper=true}

  .   ____          _            __ _ _
 /\\ / ___'_ __ _ _(_)_ __  __ _ \ \ \ \
( ( )\___ | '_ | '_| | '_ \/ _` | \ \ \ \
 \\/  ___)| |_)| | | | | || (_| |  ) ) ) )
  '  |____| .__|_| |_|_| |_\__, | / / / /
 =========|_|==============|___/=/_/_/_/
 :: Spring Boot ::                (v2.5.3)

2021-07-30 16:46:34.326  INFO 24332 --- [           main] m.p.controller.PokemonControllerTest     : Starting PokemonControllerTest using Java 15.0.2 on DESKTOP-1EUNBH7 with PID 24332 (started by pablo in C:\Users\pablo\eclipse-workspace\pokedex-modyo-pablo-aravena)
2021-07-30 16:46:34.327  INFO 24332 --- [           main] m.p.controller.PokemonControllerTest     : No active profile set, falling back to default profiles: default
2021-07-30 16:46:35.495  INFO 24332 --- [           main] o.s.b.t.m.w.SpringBootMockServletContext : Initializing Spring TestDispatcherServlet ''
2021-07-30 16:46:35.495  INFO 24332 --- [           main] o.s.t.web.servlet.TestDispatcherServlet  : Initializing Servlet ''
2021-07-30 16:46:35.496  INFO 24332 --- [           main] o.s.t.web.servlet.TestDispatcherServlet  : Completed initialization in 1 ms
2021-07-30 16:46:35.522  INFO 24332 --- [           main] m.p.controller.PokemonControllerTest     : Started PokemonControllerTest in 2.531 seconds (JVM running for 3.246)
org.springframework.mock.web.MockHttpServletResponse@66756662

MockHttpServletRequest:
      HTTP Method = GET
      Request URI = /api/pokemon/
       Parameters = {}
          Headers = []
             Body = null
    Session Attrs = {}

Handler:
             Type = modyo.pokedex.controller.PokemonController
           Method = modyo.pokedex.controller.PokemonController#getPokemons(Integer, Integer, HttpServletRequest)

Async:
    Async started = false
     Async result = null

Resolved Exception:
             Type = null

ModelAndView:
        View name = null
             View = null
            Model = null

FlashMap:
       Attributes = null

MockHttpServletResponse:
           Status = 200
    Error message = null
          Headers = [Content-Type:"application/json"]
     Content type = application/json
             Body = []
    Forwarded URL = null
   Redirected URL = null
          Cookies = []
]]></system-out>
  </testcase>
</testsuite>